app/build/outputs/logs/manifest-merger-debug-report.txt
-- Merging decision tree log ---
manifest
ADDED from src/main/AndroidManifest.xml:2:1-31:12
	package
		ADDED from src/main/AndroidManifest.xml:3:11-39
		INJECTED from src/main/AndroidManifest.xml
		INJECTED from src/main/AndroidManifest.xml
	android:versionName
		INJECTED from src/main/AndroidManifest.xml
		INJECTED from src/main/AndroidManifest.xml
	xmlns:android
		ADDED from src/main/AndroidManifest.xml:2:11-69
	android:versionCode
		INJECTED from src/main/AndroidManifest.xml
		INJECTED from src/main/AndroidManifest.xml
uses-permission#android.permission.CAMERA
ADDED from src/main/AndroidManifest.xml:5:5-64
	android:name
		ADDED from src/main/AndroidManifest.xml:5:22-62
uses-feature#android.hardware.camera
ADDED from src/main/AndroidManifest.xml:7:5-9:34
	android:required
		ADDED from src/main/AndroidManifest.xml:9:9-32
	android:name
		ADDED from src/main/AndroidManifest.xml:8:9-47
uses-permission#android.permission.WRITE_EXTERNAL_STORAGE
ADDED from src/main/AndroidManifest.xml:11:5-80
	android:name
		ADDED from src/main/AndroidManifest.xml:11:22-78
application
ADDED from src/main/AndroidManifest.xml:13:5-29:19
MERGED from [com.android.support:appcompat-v7:24.2.1] AndroidManifest.xml:25:5-20
MERGED from [com.android.support:support-v4:24.2.1] AndroidManifest.xml:25:5-20
MERGED from [com.android.support:support-fragment:24.2.1] AndroidManifest.xml:25:5-20
MERGED from [com.android.support:support-media-compat:24.2.1] AndroidManifest.xml:25:5-20
MERGED from [com.android.support:support-core-ui:24.2.1] AndroidManifest.xml:25:5-20
MERGED from [com.android.support:support-core-utils:24.2.1] AndroidManifest.xml:25:5-20
MERGED from [com.android.support:animated-vector-drawable:24.2.1] AndroidManifest.xml:22:5-20
MERGED from [com.android.support:support-vector-drawable:24.2.1] AndroidManifest.xml:23:5-20
MERGED from [com.android.support:support-compat:24.2.1] AndroidManifest.xml:25:5-20
	android:label
		ADDED from src/main/AndroidManifest.xml:16:9-34
	android:supportsRtl
		ADDED from src/main/AndroidManifest.xml:17:9-35
	android:allowBackup
		ADDED from src/main/AndroidManifest.xml:14:9-35
	android:icon
		ADDED from src/main/AndroidManifest.xml:15:9-43
	android:theme
		ADDED from src/main/AndroidManifest.xml:18:9-40
activity#cn.cruxiu.zoomcase.MainActivity
ADDED from src/main/AndroidManifest.xml:19:9-28:20
	android:screenOrientation
		ADDED from src/main/AndroidManifest.xml:21:13-49
	android:name
		ADDED from src/main/AndroidManifest.xml:20:13-41
intent-filter#android.intent.action.MAIN+android.intent.category.LAUNCHER
ADDED from src/main/AndroidManifest.xml:23:13-27:29
action#android.intent.action.MAIN
ADDED from src/main/AndroidManifest.xml:24:17-68
	android:name
		ADDED from src/main/AndroidManifest.xml:24:25-66
category#android.intent.category.LAUNCHER
ADDED from src/main/AndroidManifest.xml:26:17-76
	android:name
		ADDED from src/main/AndroidManifest.xml:26:27-74
uses-sdk
INJECTED from src/main/AndroidManifest.xml reason: use-sdk injection requested
MERGED from [com.android.support:appcompat-v7:24.2.1] AndroidManifest.xml:21:5-23:78
MERGED from [com.android.support:support-v4:24.2.1] AndroidManifest.xml:21:5-23:54
MERGED from [com.android.support:support-fragment:24.2.1] AndroidManifest.xml:21:5-23:60
MERGED from [com.android.support:support-media-compat:24.2.1] AndroidManifest.xml:21:5-23:63
MERGED from [com.android.support:support-core-ui:24.2.1] AndroidManifest.xml:21:5-23:58
MERGED from [com.android.support:support-core-utils:24.2.1] AndroidManifest.xml:21:5-23:61
MERGED from [com.android.support:animated-vector-drawable:24.2.1] AndroidManifest.xml:20:5-44
MERGED from [com.android.support:support-vector-drawable:24.2.1] AndroidManifest.xml:21:5-43
MERGED from [com.android.support:support-compat:24.2.1] AndroidManifest.xml:21:5-23:58
	tools:overrideLibrary
		ADDED from [com.android.support:appcompat-v7:24.2.1] AndroidManifest.xml:23:9-75
	android:targetSdkVersion
		INJECTED from src/main/AndroidManifest.xml
		INJECTED from src/main/AndroidManifest.xml
	android:minSdkVersion
		INJECTED from src/main/AndroidManifest.xml
		INJECTED from src/main/AndroidManifest.xml